# JRE version: Java(TM) SE Runtime Environment (7.0_79-b15) (build 1.7.0_79-b15)
# Java VM: Java HotSpot(TM) 64-Bit Server VM (24.79-b02 mixed mode bsd-amd64 compressed oops)
Heap
 PSYoungGen      total 319488K, used 47719K [0x00000007eaa80000, 0x0000000800000000, 0x0000000800000000)
  eden space 290304K, 11% used [0x00000007eaa80000,0x00000007ecab33a8,0x00000007fc600000)
  from space 29184K, 50% used [0x00000007fe180000,0x00000007fefe6880,0x00000007ffe00000)
  to   space 28160K, 0% used [0x00000007fc600000,0x00000007fc600000,0x00000007fe180000)
 ParOldGen       total 87040K, used 56270K [0x00000007c0000000, 0x00000007c5500000, 0x00000007eaa80000)
  object space 87040K, 64% used [0x00000007c0000000,0x00000007c36f3980,0x00000007c5500000)
 PSPermGen       total 96256K, used 54928K [0x00000007b0000000, 0x00000007b5e00000, 0x00000007c0000000)
  object space 96256K, 57% used [0x00000007b0000000,0x00000007b35a4278,0x00000007b5e00000)
GC Heap History (10 events):
Event: 14.217 GC heap before
{Heap before GC invocations=9 (full 0):
 PSYoungGen      total 281600K, used 281577K [0x00000007eaa80000, 0x00000007fd680000, 0x0000000800000000)
  eden space 266752K, 100% used [0x00000007eaa80000,0x00000007faf00000,0x00000007faf00000)
  from space 14848K, 99% used [0x00000007fc100000,0x00000007fcf7a4a0,0x00000007fcf80000)
  to   space 18432K, 0% used [0x00000007faf00000,0x00000007faf00000,0x00000007fc100000)
 ParOldGen       total 87040K, used 20706K [0x00000007c0000000, 0x00000007c5500000, 0x00000007eaa80000)
  object space 87040K, 23% used [0x00000007c0000000,0x00000007c1438b38,0x00000007c5500000)
 PSPermGen       total 46080K, used 45969K [0x00000007b0000000, 0x00000007b2d00000, 0x00000007c0000000)
  object space 46080K, 99% used [0x00000007b0000000,0x00000007b2ce4590,0x00000007b2d00000)
Event: 14.289 GC heap after
Heap after GC invocations=9 (full 0):
 PSYoungGen      total 285184K, used 18425K [0x00000007eaa80000, 0x0000000800000000, 0x0000000800000000)
  eden space 266752K, 0% used [0x00000007eaa80000,0x00000007eaa80000,0x00000007faf00000)
  from space 18432K, 99% used [0x00000007faf00000,0x00000007fc0fe530,0x00000007fc100000)
  to   space 29696K, 0% used [0x00000007fe300000,0x00000007fe300000,0x0000000800000000)
 ParOldGen       total 87040K, used 40862K [0x00000007c0000000, 0x00000007c5500000, 0x00000007eaa80000)
  object space 87040K, 46% used [0x00000007c0000000,0x00000007c27e7b28,0x00000007c5500000)
 PSPermGen       total 46080K, used 45969K [0x00000007b0000000, 0x00000007b2d00000, 0x00000007c0000000)
  object space 46080K, 99% used [0x00000007b0000000,0x00000007b2ce4590,0x00000007b2d00000)
}
Event: 15.623 GC heap before
{Heap before GC invocations=10 (full 0):
 PSYoungGen      total 285184K, used 104651K [0x00000007eaa80000, 0x0000000800000000, 0x0000000800000000)
  eden space 266752K, 32% used [0x00000007eaa80000,0x00000007efeb49e8,0x00000007faf00000)
  from space 18432K, 99% used [0x00000007faf00000,0x00000007fc0fe530,0x00000007fc100000)
  to   space 29696K, 0% used [0x00000007fe300000,0x00000007fe300000,0x0000000800000000)
 ParOldGen       total 87040K, used 40862K [0x00000007c0000000, 0x00000007c5500000, 0x00000007eaa80000)
  object space 87040K, 46% used [0x00000007c0000000,0x00000007c27e7b28,0x00000007c5500000)
 PSPermGen       total 48128K, used 48071K [0x00000007b0000000, 0x00000007b2f00000, 0x00000007c0000000)
  object space 48128K, 99% used [0x00000007b0000000,0x00000007b2ef1c38,0x00000007b2f00000)
Event: 15.676 GC heap after
Heap after GC invocations=10 (full 0):
 PSYoungGen      total 317952K, used 19637K [0x00000007eaa80000, 0x0000000800000000, 0x0000000800000000)
  eden space 288256K, 0% used [0x00000007eaa80000,0x00000007eaa80000,0x00000007fc400000)
  from space 29696K, 66% used [0x00000007fe300000,0x00000007ff62d5a8,0x0000000800000000)
  to   space 30720K, 0% used [0x00000007fc400000,0x00000007fc400000,0x00000007fe200000)
 ParOldGen       total 87040K, used 47982K [0x00000007c0000000, 0x00000007c5500000, 0x00000007eaa80000)
  object space 87040K, 55% used [0x00000007c0000000,0x00000007c2edbbe8,0x00000007c5500000)
 PSPermGen       total 48128K, used 48071K [0x00000007b0000000, 0x00000007b2f00000, 0x00000007c0000000)
  object space 48128K, 99% used [0x00000007b0000000,0x00000007b2ef1c38,0x00000007b2f00000)
}
Event: 15.678 GC heap before
{Heap before GC invocations=11 (full 1):
 PSYoungGen      total 317952K, used 19637K [0x00000007eaa80000, 0x0000000800000000, 0x0000000800000000)
  eden space 288256K, 0% used [0x00000007eaa80000,0x00000007eaa80000,0x00000007fc400000)
  from space 29696K, 66% used [0x00000007fe300000,0x00000007ff62d5a8,0x0000000800000000)
  to   space 30720K, 0% used [0x00000007fc400000,0x00000007fc400000,0x00000007fe200000)
 ParOldGen       total 87040K, used 47982K [0x00000007c0000000, 0x00000007c5500000, 0x00000007eaa80000)
  object space 87040K, 55% used [0x00000007c0000000,0x00000007c2edbbe8,0x00000007c5500000)
 PSPermGen       total 48128K, used 48071K [0x00000007b0000000, 0x00000007b2f00000, 0x00000007c0000000)
  object space 48128K, 99% used [0x00000007b0000000,0x00000007b2ef1c38,0x00000007b2f00000)
Event: 16.080 GC heap after
Heap after GC invocations=11 (full 1):
 PSYoungGen      total 317952K, used 0K [0x00000007eaa80000, 0x0000000800000000, 0x0000000800000000)
  eden space 288256K, 0% used [0x00000007eaa80000,0x00000007eaa80000,0x00000007fc400000)
  from space 29696K, 0% used [0x00000007fe300000,0x00000007fe300000,0x0000000800000000)
  to   space 30720K, 0% used [0x00000007fc400000,0x00000007fc400000,0x00000007fe200000)
 ParOldGen       total 87040K, used 50424K [0x00000007c0000000, 0x00000007c5500000, 0x00000007eaa80000)
  object space 87040K, 57% used [0x00000007c0000000,0x00000007c313e1f8,0x00000007c5500000)
 PSPermGen       total 96256K, used 48001K [0x00000007b0000000, 0x00000007b5e00000, 0x00000007c0000000)
  object space 96256K, 49% used [0x00000007b0000000,0x00000007b2ee0418,0x00000007b5e00000)
}
Event: 52.156 GC heap before
{Heap before GC invocations=12 (full 1):
 PSYoungGen      total 317952K, used 288256K [0x00000007eaa80000, 0x0000000800000000, 0x0000000800000000)
  eden space 288256K, 100% used [0x00000007eaa80000,0x00000007fc400000,0x00000007fc400000)
  from space 29696K, 0% used [0x00000007fe300000,0x00000007fe300000,0x0000000800000000)
  to   space 30720K, 0% used [0x00000007fc400000,0x00000007fc400000,0x00000007fe200000)
 ParOldGen       total 87040K, used 50424K [0x00000007c0000000, 0x00000007c5500000, 0x00000007eaa80000)
  object space 87040K, 57% used [0x00000007c0000000,0x00000007c313e1f8,0x00000007c5500000)
 PSPermGen       total 96256K, used 54072K [0x00000007b0000000, 0x00000007b5e00000, 0x00000007c0000000)
  object space 96256K, 56% used [0x00000007b0000000,0x00000007b34ce298,0x00000007b5e00000)
Event: 52.173 GC heap after
Heap after GC invocations=12 (full 1):
 PSYoungGen      total 302592K, used 14224K [0x00000007eaa80000, 0x00000007ffe00000, 0x0000000800000000)
  eden space 288256K, 0% used [0x00000007eaa80000,0x00000007eaa80000,0x00000007fc400000)
  from space 14336K, 99% used [0x00000007fc400000,0x00000007fd1e4320,0x00000007fd200000)
  to   space 29184K, 0% used [0x00000007fe180000,0x00000007fe180000,0x00000007ffe00000)
 ParOldGen       total 87040K, used 50432K [0x00000007c0000000, 0x00000007c5500000, 0x00000007eaa80000)
  object space 87040K, 57% used [0x00000007c0000000,0x00000007c31401f8,0x00000007c5500000)
 PSPermGen       total 96256K, used 54072K [0x00000007b0000000, 0x00000007b5e00000, 0x00000007c0000000)
  object space 96256K, 56% used [0x00000007b0000000,0x00000007b34ce298,0x00000007b5e00000)
}
Event: 75.715 GC heap before
{Heap before GC invocations=13 (full 1):
 PSYoungGen      total 302592K, used 302480K [0x00000007eaa80000, 0x00000007ffe00000, 0x0000000800000000)
  eden space 288256K, 100% used [0x00000007eaa80000,0x00000007fc400000,0x00000007fc400000)
  from space 14336K, 99% used [0x00000007fc400000,0x00000007fd1e4320,0x00000007fd200000)
  to   space 29184K, 0% used [0x00000007fe180000,0x00000007fe180000,0x00000007ffe00000)
 ParOldGen       total 87040K, used 50432K [0x00000007c0000000, 0x00000007c5500000, 0x00000007eaa80000)
  object space 87040K, 57% used [0x00000007c0000000,0x00000007c31401f8,0x00000007c5500000)
 PSPermGen       total 96256K, used 54812K [0x00000007b0000000, 0x00000007b5e00000, 0x00000007c0000000)
  object space 96256K, 56% used [0x00000007b0000000,0x00000007b3587308,0x00000007b5e00000)
Event: 75.738 GC heap after
Heap after GC invocations=13 (full 1):
 PSYoungGen      total 319488K, used 14746K [0x00000007eaa80000, 0x0000000800000000, 0x0000000800000000)
  eden space 290304K, 0% used [0x00000007eaa80000,0x00000007eaa80000,0x00000007fc600000)
  from space 29184K, 50% used [0x00000007fe180000,0x00000007fefe6880,0x00000007ffe00000)
  to   space 28160K, 0% used [0x00000007fc600000,0x00000007fc600000,0x00000007fe180000)
 ParOldGen       total 87040K, used 56270K [0x00000007c0000000, 0x00000007c5500000, 0x00000007eaa80000)
  object space 87040K, 64% used [0x00000007c0000000,0x00000007c36f3980,0x00000007c5500000)
 PSPermGen       total 96256K, used 54812K [0x00000007b0000000, 0x00000007b5e00000, 0x00000007c0000000)
  object space 96256K, 56% used [0x00000007b0000000,0x00000007b3587308,0x00000007b5e00000)
}

